info it worked if it ends with ok
verbose cli [ 'node',
verbose cli   '/Users/twilson63/local/bin/npm',
verbose cli   'install',
verbose cli   'hamljs' ]
info using npm@1.0.6
info using node@v0.5.0-pre
verbose config file /Users/twilson63/.npmrc
verbose config file /Users/twilson63/local/etc/npmrc
silly testEngine { name: 'coffee-script',
silly testEngine   description: 'Unfancy JavaScript',
silly testEngine   keywords: [ 'javascript', 'language', 'coffeescript', 'compiler' ],
silly testEngine   author: { name: 'Jeremy Ashkenas' },
silly testEngine   version: '1.1.1',
silly testEngine   licenses: 
silly testEngine    [ { type: 'MIT',
silly testEngine        url: 'http://github.com/jashkenas/coffee-script/raw/master/LICENSE' } ],
silly testEngine   engines: { node: '>=0.2.5' },
silly testEngine   directories: { lib: './lib' },
silly testEngine   main: './lib/coffee-script',
silly testEngine   bin: { coffee: './bin/coffee', cake: './bin/cake' },
silly testEngine   homepage: 'http://coffeescript.org',
silly testEngine   repository: 
silly testEngine    { type: 'git',
silly testEngine      url: 'git://github.com/jashkenas/coffee-script.git' },
silly testEngine   dependencies: {},
silly testEngine   devDependencies: {},
silly testEngine   _id: 'coffee-script@1.1.1',
silly testEngine   _engineSupported: true,
silly testEngine   _npmVersion: '1.0.6',
silly testEngine   _nodeVersion: 'v0.5.0-pre',
silly testEngine   _defaultsLoaded: true }
verbose caching /Users/twilson63/node_modules/coffee-script/package.json
verbose loadDefaults coffee-script@1.1.1
silly testEngine { name: 'coffeekup',
silly testEngine   description: 'Markup as CoffeeScript.',
silly testEngine   version: '0.2.2',
silly testEngine   author: 
silly testEngine    { name: 'Maurice Machado',
silly testEngine      email: 'maurice@bitbending.com' },
silly testEngine   contributors: 
silly testEngine    [ { name: 'Maurice Machado',
silly testEngine        email: 'maurice@bitbending.com' },
silly testEngine      { name: 'Vladimir Dronnikov',
silly testEngine        email: 'dronnikov@gmail.com' } ],
silly testEngine   repository: 
silly testEngine    { type: 'git',
silly testEngine      url: 'git://github.com/mauricemach/coffeekup.git' },
silly testEngine   dependencies: { 'coffee-script': '>= 1.0.0' },
silly testEngine   keywords: [ 'template', 'view', 'coffeescript' ],
silly testEngine   bin: { coffeekup: './bin/coffeekup.coffee' },
silly testEngine   directories: { lib: './lib' },
silly testEngine   engines: { node: '>= 0.2.6' },
silly testEngine   devDependencies: {},
silly testEngine   _id: 'coffeekup@0.2.2',
silly testEngine   _engineSupported: true,
silly testEngine   _npmVersion: '1.0.6',
silly testEngine   _nodeVersion: 'v0.5.0-pre',
silly testEngine   _defaultsLoaded: true }
verbose caching /Users/twilson63/node_modules/coffeekup/package.json
verbose loadDefaults coffeekup@0.2.2
silly testEngine { name: 'connect',
silly testEngine   version: '1.4.0',
silly testEngine   description: 'High performance middleware framework',
silly testEngine   keywords: [ 'framework', 'web', 'middleware', 'connect', 'rack' ],
silly testEngine   repository: 
silly testEngine    { type: 'git',
silly testEngine      url: 'git://github.com/senchalabs/connect.git' },
silly testEngine   author: 
silly testEngine    { name: 'TJ Holowaychuk',
silly testEngine      email: 'tj@vision-media.ca',
silly testEngine      url: 'http://tjholowaychuk.com' },
silly testEngine   dependencies: { qs: '>= 0.0.6', mime: '>= 0.0.1' },
silly testEngine   main: 'index',
silly testEngine   engines: { node: '>= 0.4.1 < 0.5.0' },
silly testEngine   devDependencies: {},
silly testEngine   _id: 'connect@1.4.0',
silly testEngine   _engineSupported: true,
silly testEngine   _npmVersion: '1.0.6',
silly testEngine   _nodeVersion: 'v0.5.0-pre',
silly testEngine   _defaultsLoaded: true }
verbose caching /Users/twilson63/node_modules/connect/package.json
verbose loadDefaults connect@1.4.0
silly testEngine { name: 'express',
silly testEngine   description: 'Sinatra inspired web development framework',
silly testEngine   version: '2.3.4',
silly testEngine   author: 
silly testEngine    { name: 'TJ Holowaychuk',
silly testEngine      email: 'tj@vision-media.ca' },
silly testEngine   contributors: 
silly testEngine    [ { name: 'TJ Holowaychuk',
silly testEngine        email: 'tj@vision-media.ca' },
silly testEngine      { name: 'Aaron Heckmann',
silly testEngine        email: 'aaron.heckmann+github@gmail.com' },
silly testEngine      { name: 'Ciaran Jessup', email: 'ciaranj@gmail.com' },
silly testEngine      { name: 'Guillermo Rauch', email: 'rauchg@gmail.com' } ],
silly testEngine   dependencies: 
silly testEngine    { connect: '>= 1.4.0 < 2.0.0',
silly testEngine      mime: '>= 0.0.1',
silly testEngine      qs: '>= 0.0.6' },
silly testEngine   keywords: [ 'framework', 'sinatra', 'web', 'rest', 'restful' ],
silly testEngine   repository: 
silly testEngine    { type: 'git',
silly testEngine      url: 'git://github.com/visionmedia/express.git' },
silly testEngine   main: 'index',
silly testEngine   bin: { express: './bin/express' },
silly testEngine   engines: { node: '>= 0.4.1 < 0.5.0' },
silly testEngine   devDependencies: {},
silly testEngine   _id: 'express@2.3.4',
silly testEngine   _engineSupported: true,
silly testEngine   _npmVersion: '1.0.6',
silly testEngine   _nodeVersion: 'v0.5.0-pre',
silly testEngine   _defaultsLoaded: true }
verbose caching /Users/twilson63/node_modules/express/package.json
verbose loadDefaults express@2.3.4
silly testEngine { name: 'fermata',
silly testEngine   version: '0.5.2',
silly testEngine   homepage: 'https://github.com/andyet/fermata',
silly testEngine   repository: 
silly testEngine    { type: 'git',
silly testEngine      url: 'git://github.com/andyet/fermata.git' },
silly testEngine   author: { name: '&yet, LLC', url: 'http://andyet.net' },
silly testEngine   contributors: 
silly testEngine    [ { name: 'Nathan Vander Wilt',
silly testEngine        email: 'nate@andyet.net',
silly testEngine        url: 'http://cloudcartography.com' } ],
silly testEngine   description: 'Succinct native REST client, for client-side web apps and node.js. Turns URLs into magic JavaScript objects.',
silly testEngine   licenses: 
silly testEngine    [ { type: 'MIT',
silly testEngine        url: 'https://github.com/andyet/fermata/raw/master/README.md' } ],
silly testEngine   dependencies: { 'node-proxy': '0.3.2' },
silly testEngine   main: 'fermata',
silly testEngine   devDependencies: {},
silly testEngine   _id: 'fermata@0.5.2',
silly testEngine   engines: { node: '*' },
silly testEngine   _engineSupported: true,
silly testEngine   _npmVersion: '1.0.6',
silly testEngine   _nodeVersion: 'v0.5.0-pre',
silly testEngine   _defaultsLoaded: true }
verbose caching /Users/twilson63/node_modules/fermata/package.json
verbose loadDefaults fermata@0.5.2
silly testEngine { name: 'jasmine-node',
silly testEngine   version: '1.0.6',
silly testEngine   description: 'DOM-less simple JavaScript BDD testing framework for Node',
silly testEngine   homepage: 
silly testEngine    [ 'http://pivotal.github.com/jasmine',
silly testEngine      'https://github.com/mhevery/jasmine-node' ],
silly testEngine   repository: 
silly testEngine    { type: 'git',
silly testEngine      url: 'git://github.com/mhevery/jasmine-node.git' },
silly testEngine   keywords: [ 'testing', 'bdd' ],
silly testEngine   author: { name: 'Misko Hevery', email: 'misko@hevery.com' },
silly testEngine   contributors: 
silly testEngine    [ { name: 'Rajan Agaskar' },
silly testEngine      { name: 'Christian Williams' },
silly testEngine      { name: 'Davis W. Frank',
silly testEngine        email: 'dwfrank@pivotallabs.com' },
silly testEngine      { name: 'Matteo Collina',
silly testEngine        email: 'matteo.collina@gmail.com' } ],
silly testEngine   maintainers: 'Martin Häger <martin.haeger@gmail.com>',
silly testEngine   licenses: [ 'MIT' ],
silly testEngine   dependencies: { 'coffee-script': '>=1.0.1' },
silly testEngine   bin: { 'jasmine-node': 'bin/jasmine-node' },
silly testEngine   main: 'lib/jasmine-node',
silly testEngine   devDependencies: {},
silly testEngine   _id: 'jasmine-node@1.0.6',
silly testEngine   engines: { node: '*' },
silly testEngine   _engineSupported: true,
silly testEngine   _npmVersion: '1.0.6',
silly testEngine   _nodeVersion: 'v0.5.0-pre',
silly testEngine   _defaultsLoaded: true }
verbose caching /Users/twilson63/node_modules/jasmine-node/package.json
verbose loadDefaults jasmine-node@1.0.6
silly testEngine { name: 'markdown-js',
silly testEngine   version: '0.0.3',
silly testEngine   keywords: [ 'markdown', 'md', 'markup', 'parser' ],
silly testEngine   description: 'A port of markdown to JavaScript.',
silly testEngine   author: { name: 'John Fraser' },
silly testEngine   contributors: 
silly testEngine    [ { name: 'John Gruber' },
silly testEngine      { name: 'George Moschovitis' },
silly testEngine      { name: 'Kris Kowal' },
silly testEngine      { name: 'Irakli Gozalishvili',
silly testEngine        email: 'rfobic@gmail.com',
silly testEngine        url: 'http://jeditoolkit.com' } ],
silly testEngine   directories: { lib: './lib', test: './test' },
silly testEngine   dependencies: { test: '>=0.0.5' },
silly testEngine   engines: { node: '>=0.1.103', teleport: '>=0.2.0' },
silly testEngine   main: './lib/markdown.js',
silly testEngine   scripts: { test: 'node test/all.js' },
silly testEngine   repository: 
silly testEngine    { type: 'git',
silly testEngine      url: 'git://github.com/Gozala/markdown-js.git' },
silly testEngine   devDependencies: {},
silly testEngine   _id: 'markdown-js@0.0.3',
silly testEngine   _engineSupported: true,
silly testEngine   _npmVersion: '1.0.6',
silly testEngine   _nodeVersion: 'v0.5.0-pre',
silly testEngine   _defaultsLoaded: true }
verbose caching /Users/twilson63/node_modules/markdown-js/package.json
verbose loadDefaults markdown-js@0.0.3
silly testEngine { readme: 'http://github.com/coffeemate/meryl#readme',
silly testEngine   version: '1.0.1',
silly testEngine   description: 'Minimalist web framework for NodeJS',
silly testEngine   main: 'index',
silly testEngine   author: { name: 'Kadir Pekel', email: 'kadirpekel@gmail.com' },
silly testEngine   name: 'meryl',
silly testEngine   bin: { meryl: './lib/cli.js' },
silly testEngine   engines: { node: '>=0.4.0' },
silly testEngine   repository: 
silly testEngine    { type: 'git',
silly testEngine      url: 'git://github.com/coffeemate/meryl.git' },
silly testEngine   dependencies: {},
silly testEngine   devDependencies: {},
silly testEngine   _id: 'meryl@1.0.1',
silly testEngine   _engineSupported: true,
silly testEngine   _npmVersion: '1.0.6',
silly testEngine   _nodeVersion: 'v0.5.0-pre',
silly testEngine   _defaultsLoaded: true }
verbose caching /Users/twilson63/node_modules/meryl/package.json
verbose loadDefaults meryl@1.0.1
silly testEngine { name: 'mongodb',
silly testEngine   description: 'A node.js driver for MongoDB',
silly testEngine   version: '0.9.4-3',
silly testEngine   author: 
silly testEngine    { name: 'Christian Amor Kvalheim',
silly testEngine      email: 'christkv@gmail.com' },
silly testEngine   contributors: 
silly testEngine    [ { name: 'Nathan White', email: 'nw@nwhite.net' },
silly testEngine      { name: 'Adam Wiggins', email: 'adam@heroku.com' },
silly testEngine      { name: 'Ian Millington',
silly testEngine        email: 'idmillington@googlemail.com' },
silly testEngine      { name: 'Aaron Heckmann',
silly testEngine        email: 'aaron.heckmann+github@gmail.com' },
silly testEngine      { name: 'Ciaran Jessup', email: 'ciaranj@gmail.com' },
silly testEngine      { name: 'Christoph Pojer' },
silly testEngine      { name: 'Erik Abele' },
silly testEngine      { name: 'Henrik Johansson',
silly testEngine        email: 'dahankzter@gmail.com' } ],
silly testEngine   repository: 
silly testEngine    { type: 'git',
silly testEngine      url: 'git://github.com/christkv/node-mongodb-native.git' },
silly testEngine   bugs: 
silly testEngine    { email: 'node-mongodb-native@googlegroups.com',
silly testEngine      url: 'http://github.com/christkv/node-mongodb-native/issues' },
silly testEngine   os: [ 'linux', 'darwin', 'freebsd' ],
silly testEngine   main: './lib/mongodb/index',
silly testEngine   directories: { lib: './lib/mongodb' },
silly testEngine   engines: { node: '>=0.4.0' },
silly testEngine   scripts: { install: 'bash ./install.sh' },
silly testEngine   licenses: 
silly testEngine    [ { type: 'Apache License, Version 2.0',
silly testEngine        url: 'http://www.apache.org/licenses/LICENSE-2.0' } ],
silly testEngine   dependencies: {},
silly testEngine   devDependencies: {},
silly testEngine   _id: 'mongodb@0.9.4-3',
silly testEngine   _engineSupported: true,
silly testEngine   _npmVersion: '1.0.6',
silly testEngine   _nodeVersion: 'v0.5.0-pre',
silly testEngine   _defaultsLoaded: true }
verbose caching /Users/twilson63/node_modules/mongodb/package.json
verbose loadDefaults mongodb@0.9.4-3
silly testEngine { name: 'mongoose',
silly testEngine   description: 'Mongoose MongoDB ORM',
silly testEngine   version: '1.3.3',
silly testEngine   author: 
silly testEngine    { name: 'Guillermo Rauch',
silly testEngine      email: 'guillermo@learnboost.com' },
silly testEngine   keywords: 
silly testEngine    [ 'mongodb',
silly testEngine      'mongoose',
silly testEngine      'orm',
silly testEngine      'data',
silly testEngine      'datastore',
silly testEngine      'nosql' ],
silly testEngine   dependencies: {},
silly testEngine   directories: { lib: './lib/mongoose' },
silly testEngine   scripts: { test: 'make test' },
silly testEngine   main: './index.js',
silly testEngine   engines: { node: '>= 0.2.0' },
silly testEngine   repository: 
silly testEngine    { type: 'git',
silly testEngine      url: 'git://github.com/LearnBoost/mongoose.git' },
silly testEngine   devDependencies: {},
silly testEngine   _id: 'mongoose@1.3.3',
silly testEngine   _engineSupported: true,
silly testEngine   _npmVersion: '1.0.6',
silly testEngine   _nodeVersion: 'v0.5.0-pre',
silly testEngine   _defaultsLoaded: true }
verbose caching /Users/twilson63/node_modules/mongoose/package.json
verbose loadDefaults mongoose@1.3.3
silly testEngine { name: 'mongoskin',
silly testEngine   description: 'The future layer above node-mongodb-native',
silly testEngine   version: '0.1.2',
silly testEngine   author: { name: 'Jason Green', email: 'guileen@gmail.com' },
silly testEngine   repository: 
silly testEngine    { type: 'git',
silly testEngine      url: 'git://github.com/guileen/node-mongoskin.git' },
silly testEngine   bugs: 
silly testEngine    { email: 'guileen@gmail.com',
silly testEngine      url: 'http://github.com/guileen/node-mongoskin/issues' },
silly testEngine   main: 'index',
silly testEngine   keywords: [ 'mongodb' ],
silly testEngine   engines: { node: '*' },
silly testEngine   dependencies: { mongodb: '*' },
silly testEngine   devDependencies: {},
silly testEngine   directories: { lib: 'lib/mongoskin' },
silly testEngine   _id: 'mongoskin@0.1.2',
silly testEngine   _engineSupported: true,
silly testEngine   _npmVersion: '1.0.6',
silly testEngine   _nodeVersion: 'v0.5.0-pre',
silly testEngine   _defaultsLoaded: true }
verbose caching /Users/twilson63/node_modules/mongoskin/package.json
verbose loadDefaults mongoskin@0.1.2
silly testEngine { name: 'node-restclient',
silly testEngine   version: '0.0.1',
silly testEngine   description: 'node-restclient adds easy-to-use api for basic http methods',
silly testEngine   keywords: [ 'rest', 'http' ],
silly testEngine   engines: [ 'node', node: '*' ],
silly testEngine   directories: { lib: './lib' },
silly testEngine   main: './lib/restclient.js',
silly testEngine   dependencies: {},
silly testEngine   devDependencies: {},
silly testEngine   _id: 'node-restclient@0.0.1',
silly testEngine   _engineSupported: true,
silly testEngine   _npmVersion: '1.0.6',
silly testEngine   _nodeVersion: 'v0.5.0-pre',
silly testEngine   _defaultsLoaded: true }
verbose caching /Users/twilson63/node_modules/node-restclient/package.json
verbose loadDefaults node-restclient@0.0.1
silly testEngine { name: 'nodester-cli',
silly testEngine   description: 'A CLI tool to allow interaction with the http://nodester.com/ platform.',
silly testEngine   version: '0.2.12',
silly testEngine   homepage: 'http://nodester.com/',
silly testEngine   repository: 
silly testEngine    { type: 'git',
silly testEngine      url: 'git://github.com/nodester/nodester-cli.git' },
silly testEngine   author: 
silly testEngine    { name: 'Daniel Bartlett',
silly testEngine      email: 'dan@f-box.org',
silly testEngine      url: 'http://danb-uk.net/' },
silly testEngine   contributors: 
silly testEngine    [ { name: 'Dav Glass', email: 'davglass@gmail.com' },
silly testEngine      { name: 'Chris Matthieu', email: 'chris@matthieu.us' },
silly testEngine      { name: 'Abraham Williams',
silly testEngine        email: '4braham@gmail.com' } ],
silly testEngine   bin: { nodester: 'bin/nodester.js' },
silly testEngine   main: './lib/commands.js',
silly testEngine   engines: { node: '*' },
silly testEngine   dependencies: 
silly testEngine    { 'nodester-api': '0.1.8',
silly testEngine      colors: '0.3.0',
silly testEngine      iniparser: '1.0.1' },
silly testEngine   devDependencies: {},
silly testEngine   _id: 'nodester-cli@0.2.12',
silly testEngine   _engineSupported: true,
silly testEngine   _npmVersion: '1.0.6',
silly testEngine   _nodeVersion: 'v0.5.0-pre',
silly testEngine   _defaultsLoaded: true }
verbose caching /Users/twilson63/node_modules/nodester-cli/package.json
verbose loadDefaults nodester-cli@0.2.12
silly testEngine { name: 'nohm',
silly testEngine   version: '0.4.0',
silly testEngine   engines: { node: '>=0.4.0' },
silly testEngine   author: { name: 'Moritz Peters' },
silly testEngine   directories: { lib: './lib' },
silly testEngine   description: 'redis ORM (Object relational mapper)',
silly testEngine   main: './lib/nohm',
silly testEngine   dependencies: { async: '0.1.8', redis: '>=0.5.9' },
silly testEngine   devDependencies: {},
silly testEngine   _id: 'nohm@0.4.0',
silly testEngine   _engineSupported: true,
silly testEngine   _npmVersion: '1.0.6',
silly testEngine   _nodeVersion: 'v0.5.0-pre',
silly testEngine   _defaultsLoaded: true }
verbose caching /Users/twilson63/node_modules/nohm/package.json
verbose loadDefaults nohm@0.4.0
silly testEngine { name: 'now',
silly testEngine   description: 'An easy to use real-time RPC library',
silly testEngine   version: '0.5.3',
silly testEngine   homepage: 'http://nowjs.com',
silly testEngine   repository: 
silly testEngine    { type: 'git',
silly testEngine      url: 'git://github.com/Flotype/now.git' },
silly testEngine   author: { name: 'Flotype Inc.', email: 'team@flotype.com' },
silly testEngine   main: 'lib/nowServerLib.js',
silly testEngine   directories: { lib: 'lib' },
silly testEngine   engines: { node: '*' },
silly testEngine   dependencies: { 'socket.io': '0.6.17', 'node-proxy': '0.3.2' },
silly testEngine   devDependencies: {},
silly testEngine   _id: 'now@0.5.3',
silly testEngine   _engineSupported: true,
silly testEngine   _npmVersion: '1.0.6',
silly testEngine   _nodeVersion: 'v0.5.0-pre',
silly testEngine   _defaultsLoaded: true }
verbose caching /Users/twilson63/node_modules/now/package.json
verbose loadDefaults now@0.5.3
silly testEngine { name: 'redis',
silly testEngine   version: '0.6.0',
silly testEngine   description: 'Redis client library',
silly testEngine   author: { name: 'Matt Ranney', email: 'mjr@ranney.com' },
silly testEngine   contributors: 
silly testEngine    [ { name: 'Rick Olson' },
silly testEngine      { name: 'Tim-Smart' },
silly testEngine      { name: 'TJ Holowaychuk' },
silly testEngine      { name: 'Orion Henry' },
silly testEngine      { name: 'Hank Sims' },
silly testEngine      { name: 'Aivo Paas' },
silly testEngine      { name: 'Paul Carey' },
silly testEngine      { name: 'Pieter Noordhuis' },
silly testEngine      { name: 'Andy Ray' },
silly testEngine      { name: 'Vladimir Dronnikov' } ],
silly testEngine   main: './index.js',
silly testEngine   scripts: { test: 'node ./test.js' },
silly testEngine   repository: 
silly testEngine    { type: 'git',
silly testEngine      url: 'git://github.com/mranney/node_redis.git' },
silly testEngine   dependencies: {},
silly testEngine   devDependencies: {},
silly testEngine   _id: 'redis@0.6.0',
silly testEngine   engines: { node: '*' },
silly testEngine   _engineSupported: true,
silly testEngine   _npmVersion: '1.0.6',
silly testEngine   _nodeVersion: 'v0.5.0-pre',
silly testEngine   _defaultsLoaded: true }
verbose caching /Users/twilson63/node_modules/redis/package.json
verbose loadDefaults redis@0.6.0
silly testEngine { name: 'vows',
silly testEngine   description: 'Asynchronous BDD & continuous integration for node.js',
silly testEngine   url: 'http://vowsjs.org',
silly testEngine   keywords: [ 'testing', 'spec', 'test', 'BDD' ],
silly testEngine   author: 
silly testEngine    { name: 'Alexis Sellier',
silly testEngine      email: 'self@cloudhead.net' },
silly testEngine   contributors: [],
silly testEngine   dependencies: { eyes: '>=0.1.6' },
silly testEngine   main: './lib/vows',
silly testEngine   bin: { vows: './bin/vows' },
silly testEngine   directories: { test: './test' },
silly testEngine   version: '0.5.8',
silly testEngine   engines: { node: '>=0.2.6' },
silly testEngine   devDependencies: {},
silly testEngine   _id: 'vows@0.5.8',
silly testEngine   _engineSupported: true,
silly testEngine   _npmVersion: '1.0.6',
silly testEngine   _nodeVersion: 'v0.5.0-pre',
silly testEngine   _defaultsLoaded: true }
verbose caching /Users/twilson63/node_modules/vows/package.json
verbose loadDefaults vows@0.5.8
silly testEngine { name: 'zappa',
silly testEngine   description: 'Web development, cut-the-crap style.',
silly testEngine   version: '0.1.4',
silly testEngine   author: 
silly testEngine    { name: 'Maurice Machado',
silly testEngine      email: 'maurice@bitbending.com' },
silly testEngine   contributors: 
silly testEngine    [ { name: 'Maurice Machado',
silly testEngine        email: 'maurice@bitbending.com' },
silly testEngine      { name: 'Nicholas Kinsey',
silly testEngine        email: 'nicholas.kinsey@feistystudios.com' },
silly testEngine      { name: 'Jae Kwon',
silly testEngine        email: 'jae@flywheelnetworks.com' },
silly testEngine      { name: 'Vladimir Dronnikov',
silly testEngine        email: 'dronnikov@gmail.com' },
silly testEngine      { name: 'Isaac Wolkerstorfer',
silly testEngine        email: 'agnoster@gmail.com' } ],
silly testEngine   dependencies: 
silly testEngine    { express: '>= 1.0.1',
silly testEngine      coffeekup: '>= 0.2.2',
silly testEngine      'coffee-script': '>= 1.0.0',
silly testEngine      'socket.io': '>= 0.6.3',
silly testEngine      jquery: '>= 1.4.3' },
silly testEngine   keywords: [ 'framework', 'websockets', 'coffeescript' ],
silly testEngine   bin: { zappa: './bin/zappa.coffee' },
silly testEngine   directories: { lib: './lib' },
silly testEngine   engines: { node: '>= 0.2.6' },
silly testEngine   devDependencies: {},
silly testEngine   _id: 'zappa@0.1.4',
silly testEngine   _engineSupported: true,
silly testEngine   _npmVersion: '1.0.6',
silly testEngine   _nodeVersion: 'v0.5.0-pre',
silly testEngine   _defaultsLoaded: true }
verbose caching /Users/twilson63/node_modules/zappa/package.json
verbose loadDefaults zappa@0.1.4
verbose has wscript [ undefined,
verbose has wscript   { file: '/Users/twilson63/node_modules/zombie/package.json',
verbose has wscript     contributors: false,
verbose has wscript     serverjs: false,
verbose has wscript     wscript: true } ]
silly testEngine { name: 'zombie',
silly testEngine   version: '0.9.5',
silly testEngine   description: 'Insanely fast, full-stack, headless browser testing using Node.js',
silly testEngine   homepage: 'http://zombie.labnotes.org/',
silly testEngine   author: 
silly testEngine    { name: 'Assaf Arkin',
silly testEngine      email: 'assaf@labnotes.org',
silly testEngine      url: 'http://labnotes.org/' },
silly testEngine   contributors: 
silly testEngine    [ { name: 'Bob Lail',
silly testEngine        email: 'bob.lailfamily@gmail.com',
silly testEngine        url: 'http://boblail.tumblr.com/' },
silly testEngine      { name: 'Damian Janowski' },
silly testEngine      { name: 'José Valim',
silly testEngine        email: 'jose.valim@plataformatec.com.br',
silly testEngine        url: 'http://blog.plataformatec.com.br/' } ],
silly testEngine   keywords: 
silly testEngine    [ 'test',
silly testEngine      'tests',
silly testEngine      'testing',
silly testEngine      'TDD',
silly testEngine      'spec',
silly testEngine      'specs',
silly testEngine      'BDD',
silly testEngine      'headless',
silly testEngine      'browser',
silly testEngine      'html',
silly testEngine      'html5',
silly testEngine      'dom',
silly testEngine      'css',
silly testEngine      'javascript',
silly testEngine      'integration',
silly testEngine      'ajax',
silly testEngine      'full-stack' ],
silly testEngine   directories: { doc: './doc', lib: './lib', man: './man7' },
silly testEngine   files: 
silly testEngine    [ 'Cakefile',
silly testEngine      'CHANGELOG.md',
silly testEngine      'doc',
silly testEngine      'lib',
silly testEngine      'man7',
silly testEngine      'MIT-LICENSE',
silly testEngine      'README.md',
silly testEngine      'spec',
silly testEngine      'src',
silly testEngine      'TODO.md',
silly testEngine      'xpath',
silly testEngine      'wscript' ],
silly testEngine   main: 'lib/zombie/index.js',
silly testEngine   scripts: 
silly testEngine    { install: 'node-waf configure build',
silly testEngine      build: 'cake build',
silly testEngine      test: 'cake test' },
silly testEngine   engines: { node: '>= 0.2.6' },
silly testEngine   dependencies: 
silly testEngine    { html5: '0.2.14',
silly testEngine      jsdom: '0.1.23',
silly testEngine      mime: '1.2.1',
silly testEngine      'websocket-client': '1.0.0' },
silly testEngine   devDependencies: 
silly testEngine    { 'coffee-script': '>= 1.0.1',
silly testEngine      docco: '0.3.0',
silly testEngine      express: '2.0.0',
silly testEngine      ronn: '0.3.6',
silly testEngine      vows: '0.5.8' },
silly testEngine   repository: 
silly testEngine    { type: 'git',
silly testEngine      url: 'git://github.com/assaf/zombie.git' },
silly testEngine   bugs: { url: 'http://github.com/assaf/zombie/issues' },
silly testEngine   licenses: 
silly testEngine    [ { type: 'MIT',
silly testEngine        url: 'http://github.com/assaf/zombie/raw/master/MIT-LICENSE' } ],
silly testEngine   _id: 'zombie@0.9.5',
silly testEngine   _engineSupported: true,
silly testEngine   _npmVersion: '1.0.6',
silly testEngine   _nodeVersion: 'v0.5.0-pre',
silly testEngine   _defaultsLoaded: true,
silly testEngine   man: 
silly testEngine    [ 'man7/changelog.7',
silly testEngine      'man7/api.7',
silly testEngine      'man7/guts.7',
silly testEngine      'man7/selectors.7',
silly testEngine      'man7/todo.7',
silly testEngine      'man7/troubleshoot.7',
silly testEngine      'man7/zombie.7' ] }
verbose caching /Users/twilson63/node_modules/zombie/package.json
verbose loadDefaults zombie@0.9.5
verbose into /Users/twilson63 [ 'hamljs' ]
verbose cache add [ 'hamljs', null ]
info addNamed [ 'hamljs', '' ]
verbose addNamed [ null, '' ]
verbose GET hamljs
verbose raw, before any munging hamljs
verbose url resolving [ 'http://registry.npmjs.org/', './hamljs' ]
verbose url resolved http://registry.npmjs.org/hamljs
verbose url parsed { protocol: 'http:',
verbose url parsed   slashes: true,
verbose url parsed   host: 'registry.npmjs.org',
verbose url parsed   hostname: 'registry.npmjs.org',
verbose url parsed   pathname: '/hamljs',
verbose url parsed   href: 'http://registry.npmjs.org/hamljs' }
verbose response http://registry.npmjs.org/hamljs
silly chunk {"_id":"hamljs","_rev":"10-a01c7214b69992352bde44938418ebf4","name":"hamljs","description":"Faster / Express compliant Haml implementation","dist-tags":{"latest":"0.5.1"},"versions":{"0.4.5":{"name":"hamljs","description":"Faster, harder, better HAML template engine","keywords":["haml","template","engine","view","nodejs"],"author":{"name":"TJ Holowaychuk","email":"tj@vision-media.ca"},"version":"0.4.5","directories":{"lib":"."},"_id":"hamljs@0.4.5","engines":{"node":"*"},"_nodeSupported":true,"_npmVersion":"0.2.7-2","_nodeVersion":"v0.3.1-pre","dist":{"tarball":"http://registry.npmjs.org/hamljs/-/hamljs-0.4.5.tgz"}},"0.5.0":{"name":"hamljs","description":"Faster / Express compliant Haml implementation","version":"0.5.0","repository":{"type":"git","url":"git://github.com/visionmedia/haml.js.git"},"author":{"name":"TJ Holowaychuk","email":"tj@vision-media.ca","url":"http://tjholowaychuk.com"},"main":"index","directories":{"lib":"lib"},"engines":{"node":"0.4.x"},"_id":"hamljs@0.5.0","_engineSupported":true,"_npmVersion":"0.3.13","_nodeVersion":"v0.4.2","files":[""],"_defaultsLoaded":true,"dist":{"shasum":"170a0c7ab3dd236ff6ab6fcc0e28ff27fafde583","tarball":"http://registry.npmjs.org/hamljs/-/hamljs-0.5.0.tgz"}},"0.5.1":{"name":"ham
silly chunk ljs","description":"Faster / Express compliant Haml implementation","version":"0.5.1","repository":{"type":"git","url":"git://github.com/visionmedia/haml.js.git"},"author":{"name":"TJ Holowaychuk","email":"tj@vision-media.ca","url":"http://tjholowaychuk.com"},"main":"index","engines":{"node":"0.4.x"},"_id":"hamljs@0.5.1","_engineSupported":true,"_npmVersion":"0.3.15","_nodeVersion":"v0.4.3","directories":{"lib":"./lib"},"files":[""],"_defaultsLoaded":true,"dist":{"shasum":"ce4ac23b23cb2886fa72c898acc96c8ec08a91a3","tarball":"http://registry.npmjs.org/hamljs/-/hamljs-0.5.1.tgz"}}},"maintainers":[{"name":"tjholowaychuk","email":"tj@vision-media.ca"}],"author":{"name":"TJ Holowaychuk","email":"tj@vision-media.ca","url":"http://tjholowaychuk.com"},"repository":{"type":"git","url":"git://github.com/visionmedia/haml.js.git"},"time":{"0.4.5":"2011-03-04T16:42:46.184Z","0.5.0":"2011-03-04T16:42:46.184Z","0.5.1":"2011-03-30T17:31:51.080Z"}}
silly get cb [ 200,
silly get cb   { vary: 'Accept',
silly get cb     server: 'CouchDB/1.0.2 (Erlang OTP/R14B)',
silly get cb     etag: '"CVFSICDQFJ1N7UBZM47NH0T3H"',
silly get cb     date: 'Fri, 13 May 2011 18:18:43 GMT',
silly get cb     'content-type': 'application/json',
silly get cb     'content-length': '2193' } ]
verbose mkdir done: /Users/twilson63/.npm/hamljs 755
verbose GET hamljs/0.5.1
verbose raw, before any munging hamljs/0.5.1
verbose url resolving [ 'http://registry.npmjs.org/', './hamljs/0.5.1' ]
verbose url resolved http://registry.npmjs.org/hamljs/0.5.1
verbose url parsed { protocol: 'http:',
verbose url parsed   slashes: true,
verbose url parsed   host: 'registry.npmjs.org',
verbose url parsed   hostname: 'registry.npmjs.org',
verbose url parsed   pathname: '/hamljs/0.5.1',
verbose url parsed   href: 'http://registry.npmjs.org/hamljs/0.5.1' }
verbose response http://registry.npmjs.org/hamljs/0.5.1
silly chunk {"name":"hamljs","description":"Faster / Express compliant Haml implementation","version":"0.5.1","repository":{"type":"git","url":"git://github.com/visionmedia/haml.js.git"},"author":{"name":"TJ Holowaychuk","email":"tj@vision-media.ca","url":"http://tjholowaychuk.com"},"main":"index","engines":{"node":"0.4.x"},"_id":"hamljs@0.5.1","_engineSupported":true,"_npmVersion":"0.3.15","_nodeVersion":"v0.4.3","directories":{"lib":"./lib"},"files":[""],"_defaultsLoaded":true,"dist":{"shasum":"ce4ac23b23cb2886fa72c898acc96c8ec08a91a3","tarball":"http://registry.npmjs.org/hamljs/-/hamljs-0.5.1.tgz"}}
silly get cb [ 200,
silly get cb   { vary: 'Accept',
silly get cb     server: 'CouchDB/1.0.2 (Erlang OTP/R14B)',
silly get cb     etag: '"CVFSICDQFJ1N7UBZM47NH0T3H"',
silly get cb     date: 'Fri, 13 May 2011 18:18:43 GMT',
silly get cb     'content-type': 'application/json',
silly get cb     'content-length': '597' } ]
verbose mkdir done: /Users/twilson63/.npm/hamljs/0.5.1 755
verbose bin dist [ null,
verbose bin dist   { shasum: 'ce4ac23b23cb2886fa72c898acc96c8ec08a91a3',
verbose bin dist     tarball: 'http://registry.npmjs.org/hamljs/-/hamljs-0.5.1.tgz' } ]
verbose addRemoteTarball [ 'http://registry.npmjs.org/hamljs/-/hamljs-0.5.1.tgz',
verbose addRemoteTarball   'ce4ac23b23cb2886fa72c898acc96c8ec08a91a3' ]
verbose mkdir done: /var/folders/vn/vnCvkEV-GrC5Ai8RZW1Zd++++TI/-Tmp-/npm-1305310723564/1305310723564-0.7087905090302229 755
info fetch http://registry.npmjs.org/hamljs/-/hamljs-0.5.1.tgz
verbose fetch to /var/folders/vn/vnCvkEV-GrC5Ai8RZW1Zd++++TI/-Tmp-/npm-1305310723564/1305310723564-0.7087905090302229/tmp.tgz
silly updated sha bytes 8216
info shasum ce4ac23b23cb2886fa72c898acc96c8ec08a91a3
info shasum /var/folders/vn/vnCvkEV-GrC5Ai8RZW1Zd++++TI/-Tmp-/npm-1305310723564/1305310723564-0.7087905090302229/tmp.tgz
verbose mkdir done: /var/folders/vn/vnCvkEV-GrC5Ai8RZW1Zd++++TI/-Tmp-/npm-1305310723564/1305310723564-0.7087905090302229/contents/___package.npm 755
verbose unpack_ uid, gid [ undefined, undefined ]
verbose unpackTarget /var/folders/vn/vnCvkEV-GrC5Ai8RZW1Zd++++TI/-Tmp-/npm-1305310723564/1305310723564-0.7087905090302229/contents/package
silly gunzTarPerm modes [ '755', '644' ]
verbose success gzip "--decompress" "--stdout" "/var/folders/vn/vnCvkEV-GrC5Ai8RZW1Zd++++TI/-Tmp-/npm-1305310723564/1305310723564-0.7087905090302229/tmp.tgz"
verbose success tar "-mvxpf" "-" "--no-same-owner" "-C" "/var/folders/vn/vnCvkEV-GrC5Ai8RZW1Zd++++TI/-Tmp-/npm-1305310723564/1305310723564-0.7087905090302229/contents/___package.npm"
silly asyncMap in gTP /var/folders/vn/vnCvkEV-GrC5Ai8RZW1Zd++++TI/-Tmp-/npm-1305310723564/1305310723564-0.7087905090302229/contents/___package.npm/package/
silly asyncMap in gTP /var/folders/vn/vnCvkEV-GrC5Ai8RZW1Zd++++TI/-Tmp-/npm-1305310723564/1305310723564-0.7087905090302229/contents/___package.npm/package/.gitmodules
silly asyncMap in gTP /var/folders/vn/vnCvkEV-GrC5Ai8RZW1Zd++++TI/-Tmp-/npm-1305310723564/1305310723564-0.7087905090302229/contents/___package.npm/package/.ignore
silly asyncMap in gTP /var/folders/vn/vnCvkEV-GrC5Ai8RZW1Zd++++TI/-Tmp-/npm-1305310723564/1305310723564-0.7087905090302229/contents/___package.npm/package/.npmignore
silly asyncMap in gTP /var/folders/vn/vnCvkEV-GrC5Ai8RZW1Zd++++TI/-Tmp-/npm-1305310723564/1305310723564-0.7087905090302229/contents/___package.npm/package/History.md
silly asyncMap in gTP /var/folders/vn/vnCvkEV-GrC5Ai8RZW1Zd++++TI/-Tmp-/npm-1305310723564/1305310723564-0.7087905090302229/contents/___package.npm/package/index.js
silly asyncMap in gTP /var/folders/vn/vnCvkEV-GrC5Ai8RZW1Zd++++TI/-Tmp-/npm-1305310723564/1305310723564-0.7087905090302229/contents/___package.npm/package/Makefile
silly asyncMap in gTP /var/folders/vn/vnCvkEV-GrC5Ai8RZW1Zd++++TI/-Tmp-/npm-1305310723564/1305310723564-0.7087905090302229/contents/___package.npm/package/package.json
silly asyncMap in gTP /var/folders/vn/vnCvkEV-GrC5Ai8RZW1Zd++++TI/-Tmp-/npm-1305310723564/1305310723564-0.7087905090302229/contents/___package.npm/package/Readme.md
silly asyncMap in gTP /var/folders/vn/vnCvkEV-GrC5Ai8RZW1Zd++++TI/-Tmp-/npm-1305310723564/1305310723564-0.7087905090302229/contents/___package.npm/package/lib/
silly asyncMap in gTP /var/folders/vn/vnCvkEV-GrC5Ai8RZW1Zd++++TI/-Tmp-/npm-1305310723564/1305310723564-0.7087905090302229/contents/___package.npm/package/lib/haml.js
verbose gunzed /var/folders/vn/vnCvkEV-GrC5Ai8RZW1Zd++++TI/-Tmp-/npm-1305310723564/1305310723564-0.7087905090302229/contents/___package.npm/package
verbose rm'ed /var/folders/vn/vnCvkEV-GrC5Ai8RZW1Zd++++TI/-Tmp-/npm-1305310723564/1305310723564-0.7087905090302229/contents/package
verbose renamed [ '/var/folders/vn/vnCvkEV-GrC5Ai8RZW1Zd++++TI/-Tmp-/npm-1305310723564/1305310723564-0.7087905090302229/contents/___package.npm/package',
verbose renamed   '/var/folders/vn/vnCvkEV-GrC5Ai8RZW1Zd++++TI/-Tmp-/npm-1305310723564/1305310723564-0.7087905090302229/contents/package' ]
silly testEngine { name: 'hamljs',
silly testEngine   description: 'Faster / Express compliant Haml implementation',
silly testEngine   version: '0.5.1',
silly testEngine   repository: 
silly testEngine    { type: 'git',
silly testEngine      url: 'git://github.com/visionmedia/haml.js.git' },
silly testEngine   author: 
silly testEngine    { name: 'TJ Holowaychuk',
silly testEngine      email: 'tj@vision-media.ca',
silly testEngine      url: 'http://tjholowaychuk.com' },
silly testEngine   main: 'index',
silly testEngine   engines: { node: '0.4.x' },
silly testEngine   dependencies: {},
silly testEngine   devDependencies: {},
silly testEngine   _id: 'hamljs@0.5.1',
silly testEngine   _engineSupported: false,
silly testEngine   _npmVersion: '1.0.6',
silly testEngine   _nodeVersion: 'v0.5.0-pre',
silly testEngine   _defaultsLoaded: true,
silly testEngine   path: '/var/folders/vn/vnCvkEV-GrC5Ai8RZW1Zd++++TI/-Tmp-/npm-1305310723564/1305310723564-0.7087905090302229/contents/package' }
verbose caching /var/folders/vn/vnCvkEV-GrC5Ai8RZW1Zd++++TI/-Tmp-/npm-1305310723564/1305310723564-0.7087905090302229/contents/package/package.json
verbose loadDefaults hamljs@0.5.1
verbose tarball contents [ 'package' ]
verbose from cache /var/folders/vn/vnCvkEV-GrC5Ai8RZW1Zd++++TI/-Tmp-/npm-1305310723564/1305310723564-0.7087905090302229/contents/package/package.json
verbose pack /var/folders/vn/vnCvkEV-GrC5Ai8RZW1Zd++++TI/-Tmp-/npm-1305310723564/1305310723564-0.7087905090302229/contents/package /Users/twilson63/.npm/hamljs/0.5.1/package.tgz
verbose from cache /var/folders/vn/vnCvkEV-GrC5Ai8RZW1Zd++++TI/-Tmp-/npm-1305310723564/1305310723564-0.7087905090302229/contents/package/package.json
verbose mkdir'ed /Users/twilson63/.npm/hamljs/0.5.1
verbose tar about to write tar and gzip it.
silly tar args [ '-cvf',
silly tar args   '-',
silly tar args   'package/.ignore',
silly tar args   'package/.gitmodules',
silly tar args   'package/History.md',
silly tar args   'package/.npmignore',
silly tar args   'package/Makefile',
silly tar args   'package/package.json',
silly tar args   'package/Readme.md',
silly tar args   'package/index.js',
silly tar args   'package/lib/haml.js' ]
verbose success tar -cvf - <file list elided>
verbose success gzip "--stdout"
verbose mkdir done: /Users/twilson63/.npm/hamljs/0.5.1/___package.npm 755
verbose unpack_ uid, gid [ undefined, undefined ]
verbose unpackTarget /Users/twilson63/.npm/hamljs/0.5.1/package
silly gunzTarPerm modes [ '755', '644' ]
verbose success gzip "--decompress" "--stdout" "/Users/twilson63/.npm/hamljs/0.5.1/package.tgz"
verbose success tar "-mvxpf" "-" "--no-same-owner" "-C" "/Users/twilson63/.npm/hamljs/0.5.1/___package.npm"
silly asyncMap in gTP /Users/twilson63/.npm/hamljs/0.5.1/___package.npm/package/
silly asyncMap in gTP /Users/twilson63/.npm/hamljs/0.5.1/___package.npm/package/.gitmodules
silly asyncMap in gTP /Users/twilson63/.npm/hamljs/0.5.1/___package.npm/package/.ignore
silly asyncMap in gTP /Users/twilson63/.npm/hamljs/0.5.1/___package.npm/package/.npmignore
silly asyncMap in gTP /Users/twilson63/.npm/hamljs/0.5.1/___package.npm/package/History.md
silly asyncMap in gTP /Users/twilson63/.npm/hamljs/0.5.1/___package.npm/package/index.js
silly asyncMap in gTP /Users/twilson63/.npm/hamljs/0.5.1/___package.npm/package/Makefile
silly asyncMap in gTP /Users/twilson63/.npm/hamljs/0.5.1/___package.npm/package/package.json
silly asyncMap in gTP /Users/twilson63/.npm/hamljs/0.5.1/___package.npm/package/Readme.md
silly asyncMap in gTP /Users/twilson63/.npm/hamljs/0.5.1/___package.npm/package/lib/
silly asyncMap in gTP /Users/twilson63/.npm/hamljs/0.5.1/___package.npm/package/lib/haml.js
verbose gunzed /Users/twilson63/.npm/hamljs/0.5.1/___package.npm/package
verbose rm'ed /Users/twilson63/.npm/hamljs/0.5.1/package
verbose renamed [ '/Users/twilson63/.npm/hamljs/0.5.1/___package.npm/package',
verbose renamed   '/Users/twilson63/.npm/hamljs/0.5.1/package' ]
silly testEngine { name: 'hamljs',
silly testEngine   description: 'Faster / Express compliant Haml implementation',
silly testEngine   version: '0.5.1',
silly testEngine   repository: 
silly testEngine    { type: 'git',
silly testEngine      url: 'git://github.com/visionmedia/haml.js.git' },
silly testEngine   author: 
silly testEngine    { name: 'TJ Holowaychuk',
silly testEngine      email: 'tj@vision-media.ca',
silly testEngine      url: 'http://tjholowaychuk.com' },
silly testEngine   main: 'index',
silly testEngine   engines: { node: '0.4.x' },
silly testEngine   dependencies: {},
silly testEngine   devDependencies: {},
silly testEngine   _id: 'hamljs@0.5.1',
silly testEngine   _engineSupported: false,
silly testEngine   _npmVersion: '1.0.6',
silly testEngine   _nodeVersion: 'v0.5.0-pre',
silly testEngine   _defaultsLoaded: true,
silly testEngine   dist: { shasum: 'ab580ca477af10a941608546e10fef43705caa4c' } }
verbose caching /Users/twilson63/.npm/hamljs/0.5.1/package/package.json
verbose loadDefaults hamljs@0.5.1
silly updated sha bytes 8196
info shasum ab580ca477af10a941608546e10fef43705caa4c
info shasum /Users/twilson63/.npm/hamljs/0.5.1/package.tgz
verbose from cache /Users/twilson63/.npm/hamljs/0.5.1/package/package.json
verbose chmod /Users/twilson63/.npm/hamljs/0.5.1/package.json 644
verbose chmod /Users/twilson63/.npm/hamljs/0.5.1/package.tgz 644
silly resolved [ { name: 'hamljs',
silly resolved     description: 'Faster / Express compliant Haml implementation',
silly resolved     version: '0.5.1',
silly resolved     repository: 
silly resolved      { type: 'git',
silly resolved        url: 'git://github.com/visionmedia/haml.js.git' },
silly resolved     author: 
silly resolved      { name: 'TJ Holowaychuk',
silly resolved        email: 'tj@vision-media.ca',
silly resolved        url: 'http://tjholowaychuk.com' },
silly resolved     main: 'index',
silly resolved     engines: { node: '0.4.x' },
silly resolved     dependencies: {},
silly resolved     devDependencies: {},
silly resolved     _id: 'hamljs@0.5.1',
silly resolved     _engineSupported: false,
silly resolved     _npmVersion: '1.0.6',
silly resolved     _nodeVersion: 'v0.5.0-pre',
silly resolved     _defaultsLoaded: true,
silly resolved     dist: { shasum: 'ab580ca477af10a941608546e10fef43705caa4c' } } ]
info into /Users/twilson63 hamljs@0.5.1
info installOne hamljs@0.5.1
verbose installOne cb hamljs@0.5.1
ERR! Unsupported
ERR! Not compatible with your version of node/npm: hamljs@0.5.1
ERR! Required: {"node":"0.4.x"}
ERR! Actual:   {"npm":"1.0.6","node":"v0.5.0-pre"}
ERR! 
ERR! System Darwin 10.7.0
ERR! command "node" "/Users/twilson63/local/bin/npm" "install" "hamljs"
verbose exit [ 1, true ]
